d:\school\csce a201\windows config\consoleapplication1\consoleapplication1\x64\debug\vc143.pdb
d:\school\csce a201\windows config\consoleapplication1\consoleapplication1\x64\debug\vc143.idb
d:\school\csce a201\windows config\consoleapplication1\consoleapplication1\x64\debug\waterphysics.obj
d:\school\csce a201\windows config\consoleapplication1\consoleapplication1\x64\debug\waspstruct.obj
d:\school\csce a201\windows config\consoleapplication1\consoleapplication1\x64\debug\turtlestruct.obj
d:\school\csce a201\windows config\consoleapplication1\consoleapplication1\x64\debug\bulletstruct.obj
d:\school\csce a201\windows config\consoleapplication1\consoleapplication1\x64\debug\terraingrid.obj
d:\school\csce a201\windows config\consoleapplication1\consoleapplication1\x64\debug\terrainelem.obj
d:\school\csce a201\windows config\consoleapplication1\consoleapplication1\x64\debug\main.obj
d:\school\csce a201\windows config\consoleapplication1\consoleapplication1\x64\debug\hurtflash.obj
d:\school\csce a201\windows config\consoleapplication1\consoleapplication1\x64\debug\healthbar.obj
d:\school\csce a201\windows config\consoleapplication1\consoleapplication1\x64\debug\defaultshotgun.obj
d:\school\csce a201\windows config\consoleapplication1\consoleapplication1\x64\debug\frogclass.obj
d:\school\csce a201\windows config\consoleapplication1\consoleapplication1\x64\debug\beetleclass.obj
d:\school\csce a201\windows config\consoleapplication1\consoleapplication1\x64\debug\batclass.obj
d:\school\csce a201\windows config\consoleapplication1\consoleapplication1\x64\debug\menustate.obj
d:\school\csce a201\windows config\consoleapplication1\x64\debug\consoleapplication1.exe
d:\school\csce a201\windows config\consoleapplication1\x64\debug\consoleapplication1.pdb
d:\school\csce a201\windows config\consoleapplication1\consoleapplication1\x64\debug\consoleapplication1.ilk
d:\school\csce a201\windows config\consoleapplication1\consoleapplication1\x64\debug\consolea.6c1a4c6f.tlog\cl.command.1.tlog
d:\school\csce a201\windows config\consoleapplication1\consoleapplication1\x64\debug\consolea.6c1a4c6f.tlog\cl.items.tlog
d:\school\csce a201\windows config\consoleapplication1\consoleapplication1\x64\debug\consolea.6c1a4c6f.tlog\cl.read.1.tlog
d:\school\csce a201\windows config\consoleapplication1\consoleapplication1\x64\debug\consolea.6c1a4c6f.tlog\cl.write.1.tlog
d:\school\csce a201\windows config\consoleapplication1\consoleapplication1\x64\debug\consolea.6c1a4c6f.tlog\link.command.1.tlog
d:\school\csce a201\windows config\consoleapplication1\consoleapplication1\x64\debug\consolea.6c1a4c6f.tlog\link.read.1.tlog
d:\school\csce a201\windows config\consoleapplication1\consoleapplication1\x64\debug\consolea.6c1a4c6f.tlog\link.secondary.1.tlog
d:\school\csce a201\windows config\consoleapplication1\consoleapplication1\x64\debug\consolea.6c1a4c6f.tlog\link.write.1.tlog
